This is pdfTeX, Version 3.1415926-1.40.10 (MiKTeX 2.8) (preloaded format=pdflatex 2012.8.28)  19 OCT 2012 03:13
entering extended mode
**hw5.tex
("C:\Users\mike\Courses\STAT 641b\STAT-641\hw\05\hw5.tex"
LaTeX2e <2009/09/24>
Babel <v3.8l> and hyphenation patterns for english, dumylang, nohyphenation, ge
rman, ngerman, german-x-2009-06-19, ngerman-x-2009-06-19, french, loaded.
("C:\Program Files (x86)\MikTeX 2.8\tex\latex\base\article.cls"
Document Class: article 2007/10/19 v1.4h Standard LaTeX document class
("C:\Program Files (x86)\MikTeX 2.8\tex\latex\base\size10.clo"
File: size10.clo 2007/10/19 v1.4h Standard LaTeX file (size option)
)
\c@part=\count79
\c@section=\count80
\c@subsection=\count81
\c@subsubsection=\count82
\c@paragraph=\count83
\c@subparagraph=\count84
\c@figure=\count85
\c@table=\count86
\abovecaptionskip=\skip41
\belowcaptionskip=\skip42
\bibindent=\dimen102
)
("C:\Program Files (x86)\MikTeX 2.8\tex\latex\graphics\graphicx.sty"
Package: graphicx 1999/02/16 v1.0f Enhanced LaTeX Graphics (DPC,SPQR)

("C:\Program Files (x86)\MikTeX 2.8\tex\latex\graphics\keyval.sty"
Package: keyval 1999/03/16 v1.13 key=value parser (DPC)
\KV@toks@=\toks14
)
("C:\Program Files (x86)\MikTeX 2.8\tex\latex\graphics\graphics.sty"
Package: graphics 2009/02/05 v1.0o Standard LaTeX Graphics (DPC,SPQR)

("C:\Program Files (x86)\MikTeX 2.8\tex\latex\graphics\trig.sty"
Package: trig 1999/03/16 v1.09 sin cos tan (DPC)
)
("C:\Program Files (x86)\MikTeX 2.8\tex\latex\00miktex\graphics.cfg"
File: graphics.cfg 2007/01/18 v1.5 graphics configuration of teTeX/TeXLive
)
Package graphics Info: Driver file: pdftex.def on input line 91.

("C:\Program Files (x86)\MikTeX 2.8\tex\latex\pdftex-def\pdftex.def"
File: pdftex.def 2010/02/14 v0.04n Graphics/color for pdfTeX
\Gread@gobject=\count87
))
\Gin@req@height=\dimen103
\Gin@req@width=\dimen104
)
("C:\Program Files (x86)\MikTeX 2.8\tex\latex\graphics\color.sty"
Package: color 2005/11/14 v1.0j Standard LaTeX Color (DPC)

("C:\Program Files (x86)\MikTeX 2.8\tex\latex\00miktex\color.cfg"
File: color.cfg 2007/01/18 v1.5 color configuration of teTeX/TeXLive
)
Package color Info: Driver file: pdftex.def on input line 130.
)
("C:\Program Files (x86)\MikTeX 2.8\tex\latex\upquote\upquote.sty"
Package: upquote 2003/08/11 v1.1 Covington's upright-quote modification to verb
atim and verb

("C:\Program Files (x86)\MikTeX 2.8\tex\latex\base\textcomp.sty"
Package: textcomp 2005/09/27 v1.99g Standard LaTeX package
Package textcomp Info: Sub-encoding information:
(textcomp)               5 = only ISO-Adobe without \textcurrency
(textcomp)               4 = 5 + \texteuro
(textcomp)               3 = 4 + \textohm
(textcomp)               2 = 3 + \textestimated + \textcurrency
(textcomp)               1 = TS1 - \textcircled - \t
(textcomp)               0 = TS1 (full)
(textcomp)             Font families with sub-encoding setting implement
(textcomp)             only a restricted character set as indicated.
(textcomp)             Family '?' is the default used for unknown fonts.
(textcomp)             See the documentation for details.
Package textcomp Info: Setting ? sub-encoding to TS1/1 on input line 71.

("C:\Program Files (x86)\MikTeX 2.8\tex\latex\base\ts1enc.def"
File: ts1enc.def 2001/06/05 v3.0e (jk/car/fm) Standard LaTeX file
)
LaTeX Info: Redefining \oldstylenums on input line 266.
Package textcomp Info: Setting cmr sub-encoding to TS1/0 on input line 281.
Package textcomp Info: Setting cmss sub-encoding to TS1/0 on input line 282.
Package textcomp Info: Setting cmtt sub-encoding to TS1/0 on input line 283.
Package textcomp Info: Setting cmvtt sub-encoding to TS1/0 on input line 284.
Package textcomp Info: Setting cmbr sub-encoding to TS1/0 on input line 285.
Package textcomp Info: Setting cmtl sub-encoding to TS1/0 on input line 286.
Package textcomp Info: Setting ccr sub-encoding to TS1/0 on input line 287.
Package textcomp Info: Setting ptm sub-encoding to TS1/4 on input line 288.
Package textcomp Info: Setting pcr sub-encoding to TS1/4 on input line 289.
Package textcomp Info: Setting phv sub-encoding to TS1/4 on input line 290.
Package textcomp Info: Setting ppl sub-encoding to TS1/3 on input line 291.
Package textcomp Info: Setting pag sub-encoding to TS1/4 on input line 292.
Package textcomp Info: Setting pbk sub-encoding to TS1/4 on input line 293.
Package textcomp Info: Setting pnc sub-encoding to TS1/4 on input line 294.
Package textcomp Info: Setting pzc sub-encoding to TS1/4 on input line 295.
Package textcomp Info: Setting bch sub-encoding to TS1/4 on input line 296.
Package textcomp Info: Setting put sub-encoding to TS1/5 on input line 297.
Package textcomp Info: Setting uag sub-encoding to TS1/5 on input line 298.
Package textcomp Info: Setting ugq sub-encoding to TS1/5 on input line 299.
Package textcomp Info: Setting ul8 sub-encoding to TS1/4 on input line 300.
Package textcomp Info: Setting ul9 sub-encoding to TS1/4 on input line 301.
Package textcomp Info: Setting augie sub-encoding to TS1/5 on input line 302.
Package textcomp Info: Setting dayrom sub-encoding to TS1/3 on input line 303.
Package textcomp Info: Setting dayroms sub-encoding to TS1/3 on input line 304.

Package textcomp Info: Setting pxr sub-encoding to TS1/0 on input line 305.
Package textcomp Info: Setting pxss sub-encoding to TS1/0 on input line 306.
Package textcomp Info: Setting pxtt sub-encoding to TS1/0 on input line 307.
Package textcomp Info: Setting txr sub-encoding to TS1/0 on input line 308.
Package textcomp Info: Setting txss sub-encoding to TS1/0 on input line 309.
Package textcomp Info: Setting txtt sub-encoding to TS1/0 on input line 310.
Package textcomp Info: Setting futs sub-encoding to TS1/4 on input line 311.
Package textcomp Info: Setting futx sub-encoding to TS1/4 on input line 312.
Package textcomp Info: Setting futj sub-encoding to TS1/4 on input line 313.
Package textcomp Info: Setting hlh sub-encoding to TS1/3 on input line 314.
Package textcomp Info: Setting hls sub-encoding to TS1/3 on input line 315.
Package textcomp Info: Setting hlst sub-encoding to TS1/3 on input line 316.
Package textcomp Info: Setting hlct sub-encoding to TS1/5 on input line 317.
Package textcomp Info: Setting hlx sub-encoding to TS1/5 on input line 318.
Package textcomp Info: Setting hlce sub-encoding to TS1/5 on input line 319.
Package textcomp Info: Setting hlcn sub-encoding to TS1/5 on input line 320.
Package textcomp Info: Setting hlcw sub-encoding to TS1/5 on input line 321.
Package textcomp Info: Setting hlcf sub-encoding to TS1/5 on input line 322.
Package textcomp Info: Setting pplx sub-encoding to TS1/3 on input line 323.
Package textcomp Info: Setting pplj sub-encoding to TS1/3 on input line 324.
Package textcomp Info: Setting ptmx sub-encoding to TS1/4 on input line 325.
Package textcomp Info: Setting ptmj sub-encoding to TS1/4 on input line 326.
))
("C:\Users\mike\Courses\STAT 641b\STAT-641\hw\05\framed.sty"
Package: framed 2007/10/04 v 0.95: framed or shaded text with page breaks
\fb@frw=\dimen105
\fb@frh=\dimen106
\FrameRule=\dimen107
\FrameSep=\dimen108
)
("C:\Program Files (x86)\MikTeX 2.8\tex\latex\base\alltt.sty"
Package: alltt 1997/06/16 v2.0g defines alltt environment
)
("C:\Program Files (x86)\MikTeX 2.8\tex\latex\psnfss\mathpazo.sty"
Package: mathpazo 2005/04/12 PSNFSS-v9.2a Palatino w/ Pazo Math (D.Puga, WaS) 
\symupright=\mathgroup4
)
("C:\Program Files (x86)\MikTeX 2.8\tex\latex\geometry\geometry.sty"
Package: geometry 2010/03/13 v5.3 Page Geometry

("C:\Program Files (x86)\MikTeX 2.8\tex\generic\oberdiek\ifpdf.sty"
Package: ifpdf 2010/01/28 v2.1 Provides the ifpdf switch (HO)
Package ifpdf Info: pdfTeX in pdf mode detected.
)
("C:\Program Files (x86)\MikTeX 2.8\tex\generic\oberdiek\ifvtex.sty"
Package: ifvtex 2010/03/01 v1.5 Switches for detecting VTeX and its modes (HO)
Package ifvtex Info: VTeX not detected.
)
\Gm@cnth=\count88
\Gm@cntv=\count89
\c@Gm@tempcnt=\count90
\Gm@bindingoffset=\dimen109
\Gm@wd@mp=\dimen110
\Gm@odd@mp=\dimen111
\Gm@even@mp=\dimen112
\Gm@layoutwidth=\dimen113
\Gm@layoutheight=\dimen114
\Gm@layouthoffset=\dimen115
\Gm@layoutvoffset=\dimen116
\Gm@dimlist=\toks15

("C:\Program Files (x86)\MikTeX 2.8\tex\latex\geometry\geometry.cfg"))
("C:\Program Files (x86)\MikTeX 2.8\tex\latex\ltxmisc\url.sty"
\Urlmuskip=\muskip10
Package: url 2006/04/12  ver 3.3  Verb mode for urls, etc.
)
("C:\Program Files (x86)\MikTeX 2.8\tex\latex\hyperref\hyperref.sty"
Package: hyperref 2010/03/13 v6.80o Hypertext links for LaTeX

("C:\Program Files (x86)\MikTeX 2.8\tex\generic\oberdiek\kvsetkeys.sty"
Package: kvsetkeys 2010/03/01 v1.9 Key value parser (HO)

("C:\Program Files (x86)\MikTeX 2.8\tex\generic\oberdiek\infwarerr.sty"
Package: infwarerr 2007/09/09 v1.2 Providing info/warning/message (HO)
)
("C:\Program Files (x86)\MikTeX 2.8\tex\generic\oberdiek\etexcmds.sty"
Package: etexcmds 2010/01/28 v1.3 Prefix for e-TeX command names (HO)
Package etexcmds Info: Could not find \expanded.
(etexcmds)             That can mean that you are not using pdfTeX 1.50 or
(etexcmds)             that some package has redefined \expanded.
(etexcmds)             In the latter case, load this package earlier.
))
("C:\Program Files (x86)\MikTeX 2.8\tex\generic\oberdiek\pdfescape.sty"
Package: pdfescape 2010/03/01 v1.9 Provides hex, PDF name and string conversion
s (HO)

("C:\Program Files (x86)\MikTeX 2.8\tex\generic\oberdiek\pdftexcmds.sty"
Package: pdftexcmds 2010/03/01 v0.8 Utility functions of pdfTeX for LuaTeX (HO)


("C:\Program Files (x86)\MikTeX 2.8\tex\generic\oberdiek\ifluatex.sty"
Package: ifluatex 2010/03/01 v1.3 Provides the ifluatex switch (HO)
Package ifluatex Info: LuaTeX not detected.
)
("C:\Program Files (x86)\MikTeX 2.8\tex\generic\oberdiek\ltxcmds.sty"
Package: ltxcmds 2010/03/09 v1.4 LaTeX kernel commands for general use (HO)
)
Package pdftexcmds Info: LuaTeX not detected.
Package pdftexcmds Info: \pdf@primitive is available.
Package pdftexcmds Info: \pdf@ifprimitive is available.
))
("C:\Program Files (x86)\MikTeX 2.8\tex\latex\ifxetex\ifxetex.sty"
Package: ifxetex 2009/01/23 v0.5 Provides ifxetex conditional
)
("C:\Program Files (x86)\MikTeX 2.8\tex\latex\oberdiek\hycolor.sty"
Package: hycolor 2009/12/12 v1.6 Color options of hyperref/bookmark (HO)

("C:\Program Files (x86)\MikTeX 2.8\tex\latex\oberdiek\xcolor-patch.sty"
Package: xcolor-patch 2009/12/12 xcolor patch
))
("C:\Program Files (x86)\MikTeX 2.8\tex\latex\oberdiek\letltxmacro.sty"
Package: letltxmacro 2008/06/24 v1.3 Let assignment for LaTeX macros (HO)
)
\@linkdim=\dimen117
\Hy@linkcounter=\count91
\Hy@pagecounter=\count92

("C:\Program Files (x86)\MikTeX 2.8\tex\latex\hyperref\pd1enc.def"
File: pd1enc.def 2010/03/13 v6.80o Hyperref: PDFDocEncoding definition (HO)
)
("C:\Program Files (x86)\MikTeX 2.8\tex\generic\oberdiek\intcalc.sty"
Package: intcalc 2007/09/27 v1.1 Expandable integer calculations (HO)
)
("C:\Program Files (x86)\MikTeX 2.8\tex\latex\00miktex\hyperref.cfg"
File: hyperref.cfg 2002/06/06 v1.2 hyperref configuration of TeXLive
)
("C:\Program Files (x86)\MikTeX 2.8\tex\latex\oberdiek\kvoptions.sty"
Package: kvoptions 2010/02/22 v3.7 Keyval support for LaTeX options (HO)
)
Package hyperref Info: Option `unicode' set `true' on input line 3465.

("C:\Program Files (x86)\MikTeX 2.8\tex\latex\hyperref\puenc.def"
File: puenc.def 2010/03/13 v6.80o Hyperref: PDF Unicode definition (HO)
)
Package hyperref Info: Option `pdfusetitle' set `true' on input line 3465.
Package hyperref Info: Option `bookmarks' set `true' on input line 3465.
Package hyperref Info: Option `bookmarksnumbered' set `true' on input line 3465
.
Package hyperref Info: Option `bookmarksopen' set `true' on input line 3465.
Package hyperref Info: Option `breaklinks' set `false' on input line 3465.
Package hyperref Info: Option `colorlinks' set `false' on input line 3465.
Package hyperref Info: Hyper figures OFF on input line 3546.
Package hyperref Info: Link nesting OFF on input line 3551.
Package hyperref Info: Hyper index ON on input line 3554.
Package hyperref Info: Plain pages OFF on input line 3561.
Package hyperref Info: Backreferencing OFF on input line 3566.

Implicit mode ON; LaTeX internals redefined
Package hyperref Info: Bookmarks ON on input line 3762.
LaTeX Info: Redefining \url on input line 4022.
("C:\Program Files (x86)\MikTeX 2.8\tex\generic\oberdiek\bitset.sty"
Package: bitset 2007/09/28 v1.0 Data type bit set (HO)

("C:\Program Files (x86)\MikTeX 2.8\tex\generic\oberdiek\bigintcalc.sty"
Package: bigintcalc 2007/11/11 v1.1 Expandable big integer calculations (HO)
))
\Fld@menulength=\count93
\Field@Width=\dimen118
\Fld@charsize=\dimen119
\Field@toks=\toks16
Package hyperref Info: Hyper figures OFF on input line 4981.
Package hyperref Info: Link nesting OFF on input line 4986.
Package hyperref Info: Hyper index ON on input line 4989.
Package hyperref Info: backreferencing OFF on input line 4996.
Package hyperref Info: Link coloring OFF on input line 5001.
Package hyperref Info: Link coloring with OCG OFF on input line 5006.
Package hyperref Info: PDF/A mode OFF on input line 5011.
LaTeX Info: Redefining \ref on input line 5051.
LaTeX Info: Redefining \pageref on input line 5055.

("C:\Program Files (x86)\MikTeX 2.8\tex\generic\oberdiek\atbegshi.sty"
Package: atbegshi 2010/03/01 v1.11 At begin shipout hook (HO)
)
\Hy@abspage=\count94
\c@Item=\count95
\c@Hfootnote=\count96
)
*hyperref using default driver hpdftex*
("C:\Program Files (x86)\MikTeX 2.8\tex\latex\hyperref\hpdftex.def"
File: hpdftex.def 2010/03/13 v6.80o Hyperref driver for pdfTeX

("C:\Program Files (x86)\MikTeX 2.8\tex\latex\oberdiek\atveryend.sty"
Package: atveryend 2010/01/25 v1.4 Hooks at very end of document (HO)
Package atveryend Info: \enddocument detected (standard).
)
\Fld@listcount=\count97
\c@bookmark@seq@number=\count98

("C:\Program Files (x86)\MikTeX 2.8\tex\latex\oberdiek\rerunfilecheck.sty"
Package: rerunfilecheck 2010/03/15 v1.5 Rerun checks for auxiliary files (HO)

("C:\Program Files (x86)\MikTeX 2.8\tex\generic\oberdiek\uniquecounter.sty"
Package: uniquecounter 2009/12/18 v1.1 Provides unlimited unique counter (HO)
)
Package uniquecounter Info: New unique counter `rerunfilecheck' on input line 2
71.
)
\Hy@SectionHShift=\skip43
)
("C:\Program Files (x86)\MikTeX 2.8\tex\latex\breakurl\breakurl.sty"
Package: breakurl 2009/01/24 v1.30 Breakable hyperref URLs

("C:\Program Files (x86)\MikTeX 2.8\tex\latex\xkeyval\xkeyval.sty"
Package: xkeyval 2008/08/13 v2.6a package option processing (HA)

("C:\Program Files (x86)\MikTeX 2.8\tex\generic\xkeyval\xkeyval.tex"
\XKV@toks=\toks17
\XKV@tempa@toks=\toks18
\XKV@depth=\count99
File: xkeyval.tex 2008/08/13 v2.6a key=value parser (HA)
))

Package breakurl Warning: You are using breakurl while processing via pdflatex.

(breakurl)                \burl will be just a synonym of \url.
(breakurl)                 on input line 47.

) ("C:\Program Files (x86)\MikTeX 2.8\tex\latex\amsfonts\amsfonts.sty"
Package: amsfonts 2009/06/22 v3.00 Basic AMSFonts support
\@emptytoks=\toks19
\symAMSa=\mathgroup5
\symAMSb=\mathgroup6
LaTeX Font Info:    Overwriting math alphabet `\mathfrak' in version `bold'
(Font)                  U/euf/m/n --> U/euf/b/n on input line 96.
)
("C:\Program Files (x86)\MikTeX 2.8\tex\latex\ams\math\amsmath.sty"
Package: amsmath 2000/07/18 v2.13 AMS math features
\@mathmargin=\skip44

For additional information on amsmath, use the `?' option.
("C:\Program Files (x86)\MikTeX 2.8\tex\latex\ams\math\amstext.sty"
Package: amstext 2000/06/29 v2.01

("C:\Program Files (x86)\MikTeX 2.8\tex\latex\ams\math\amsgen.sty"
File: amsgen.sty 1999/11/30 v2.0
\@emptytoks=\toks20
\ex@=\dimen120
))
("C:\Program Files (x86)\MikTeX 2.8\tex\latex\ams\math\amsbsy.sty"
Package: amsbsy 1999/11/29 v1.2d
\pmbraise@=\dimen121
)
("C:\Program Files (x86)\MikTeX 2.8\tex\latex\ams\math\amsopn.sty"
Package: amsopn 1999/12/14 v2.01 operator names
)
\inf@bad=\count100
LaTeX Info: Redefining \frac on input line 211.
\uproot@=\count101
\leftroot@=\count102
LaTeX Info: Redefining \overline on input line 307.
\classnum@=\count103
\DOTSCASE@=\count104
LaTeX Info: Redefining \ldots on input line 379.
LaTeX Info: Redefining \dots on input line 382.
LaTeX Info: Redefining \cdots on input line 467.
\Mathstrutbox@=\box26
\strutbox@=\box27
\big@size=\dimen122
LaTeX Font Info:    Redeclaring font encoding OML on input line 567.
LaTeX Font Info:    Redeclaring font encoding OMS on input line 568.
\macc@depth=\count105
\c@MaxMatrixCols=\count106
\dotsspace@=\muskip11
\c@parentequation=\count107
\dspbrk@lvl=\count108
\tag@help=\toks21
\row@=\count109
\column@=\count110
\maxfields@=\count111
\andhelp@=\toks22
\eqnshift@=\dimen123
\alignsep@=\dimen124
\tagshift@=\dimen125
\tagwidth@=\dimen126
\totwidth@=\dimen127
\lineht@=\dimen128
\@envbody=\toks23
\multlinegap=\skip45
\multlinetaggap=\skip46
\mathdisplay@stack=\toks24
LaTeX Info: Redefining \[ on input line 2666.
LaTeX Info: Redefining \] on input line 2667.
)
Package color Info: Redefining color shadecolor on input line 70.

("C:\Users\mike\Courses\STAT 641b\STAT-641\hw\05\hw5.aux")
LaTeX Font Info:    Checking defaults for OML/cmm/m/it on input line 81.
LaTeX Font Info:    ... okay on input line 81.
LaTeX Font Info:    Checking defaults for T1/cmr/m/n on input line 81.
LaTeX Font Info:    ... okay on input line 81.
LaTeX Font Info:    Checking defaults for OT1/cmr/m/n on input line 81.
LaTeX Font Info:    ... okay on input line 81.
LaTeX Font Info:    Checking defaults for OMS/cmsy/m/n on input line 81.
LaTeX Font Info:    ... okay on input line 81.
LaTeX Font Info:    Checking defaults for OMX/cmex/m/n on input line 81.
LaTeX Font Info:    ... okay on input line 81.
LaTeX Font Info:    Checking defaults for U/cmr/m/n on input line 81.
LaTeX Font Info:    ... okay on input line 81.
LaTeX Font Info:    Checking defaults for TS1/cmr/m/n on input line 81.
LaTeX Font Info:    Try loading font information for TS1+cmr on input line 81.

("C:\Program Files (x86)\MikTeX 2.8\tex\latex\base\ts1cmr.fd"
File: ts1cmr.fd 1999/05/25 v2.5h Standard LaTeX font definitions
)
LaTeX Font Info:    ... okay on input line 81.
LaTeX Font Info:    Checking defaults for PD1/pdf/m/n on input line 81.
LaTeX Font Info:    ... okay on input line 81.
LaTeX Font Info:    Checking defaults for PU/pdf/m/n on input line 81.
LaTeX Font Info:    ... okay on input line 81.
LaTeX Font Info:    Try loading font information for OT1+pplx on input line 81.


("C:\Program Files (x86)\MikTeX 2.8\tex\latex\psnfss\ot1pplx.fd"
File: ot1pplx.fd 2004/09/06 font definitions for OT1/pplx.
)
("C:\Program Files (x86)\MikTeX 2.8\tex\context\base\supp-pdf.tex"
[Loading MPS to PDF converter (version 2006.09.02).]
\scratchcounter=\count112
\scratchdimen=\dimen129
\scratchbox=\box28
\nofMPsegments=\count113
\nofMParguments=\count114
\everyMPshowfont=\toks25
\MPscratchCnt=\count115
\MPscratchDim=\dimen130
\MPnumerator=\count116
\everyMPtoPDFconversion=\toks26
)
*geometry* driver: auto-detecting
*geometry* detected driver: pdftex

Package geometry Warning: The marginal notes overrun the paper.
     Add 4.86812pt and more to the right margin.

*geometry* verbose mode - [ preamble ] result:
* driver: pdftex
* paper: 614.295pt, 794.96999pt (class default)
* layout: 614.295pt, 794.96999pt
* switch(es): 
* h-part:(L,W,R)=(71.13188pt, 472.03123pt, 71.13188pt)
* v-part:(T,H,B)=(71.13188pt, 652.70622pt, 71.13188pt)
* \paperwidth=614.295pt
* \paperheight=794.96999pt
* \textwidth=472.03123pt
* \textheight=652.70622pt
* \oddsidemargin=-1.1381pt
* \evensidemargin=-1.1381pt
* \topmargin=-38.1381pt
* \headheight=12.0pt
* \headsep=25.0pt
* \footskip=30.0pt
* \marginparwidth=65.0pt
* \marginparsep=11.0pt
* \columnsep=10.0pt
* \skip\footins=9.0pt plus 4.0pt minus 2.0pt
* \hoffset=0.0pt
* \voffset=0.0pt
* \mag=1000
* \@twocolumnfalse
* \@twosidefalse
* \@mparswitchfalse
* \@reversemarginfalse
* (1in=72.27pt, 1cm=28.453pt)

Package hyperref Info: Link coloring OFF on input line 81.
("C:\Program Files (x86)\MikTeX 2.8\tex\latex\hyperref\nameref.sty"
Package: nameref 2010/01/25 v2.36 Cross-referencing by name of section

("C:\Program Files (x86)\MikTeX 2.8\tex\latex\oberdiek\refcount.sty"
Package: refcount 2008/08/11 v3.1 Data extraction from references (HO)
)
("C:\Program Files (x86)\MikTeX 2.8\tex\generic\oberdiek\gettitlestring.sty"
Package: gettitlestring 2009/12/18 v1.3 Cleanup title references (HO)
)
\c@section@level=\count117
)
LaTeX Info: Redefining \ref on input line 81.
LaTeX Info: Redefining \pageref on input line 81.

("C:\Users\mike\Courses\STAT 641b\STAT-641\hw\05\hw5.out")
("C:\Users\mike\Courses\STAT 641b\STAT-641\hw\05\hw5.out")
\@outlinefile=\write3
\AtBeginShipoutBox=\box29
LaTeX Font Info:    Font shape `OT1/pplx/bx/n' in size <10> not available
(Font)              Font shape `OT1/pplx/b/n' tried instead on input line 86.
LaTeX Font Info:    Try loading font information for OML+zplm on input line 91.


("C:\Program Files (x86)\MikTeX 2.8\tex\latex\psnfss\omlzplm.fd"
File: omlzplm.fd 2002/09/08 Fontinst v1.914 font definitions for OML/zplm.
)
LaTeX Font Info:    Try loading font information for OMS+zplm on input line 91.


("C:\Program Files (x86)\MikTeX 2.8\tex\latex\psnfss\omszplm.fd"
File: omszplm.fd 2002/09/08 Fontinst v1.914 font definitions for OMS/zplm.
)
LaTeX Font Info:    Try loading font information for OMX+zplm on input line 91.


("C:\Program Files (x86)\MikTeX 2.8\tex\latex\psnfss\omxzplm.fd"
File: omxzplm.fd 2002/09/08 Fontinst v1.914 font definitions for OMX/zplm.
)
LaTeX Font Info:    Try loading font information for OT1+zplm on input line 91.


("C:\Program Files (x86)\MikTeX 2.8\tex\latex\psnfss\ot1zplm.fd"
File: ot1zplm.fd 2002/09/08 Fontinst v1.914 font definitions for OT1/zplm.
)
LaTeX Font Info:    Font shape `U/msa/m/n' will be
(Font)              scaled to size 10.42007pt on input line 91.
LaTeX Font Info:    Font shape `U/msa/m/n' will be
(Font)              scaled to size 7.91925pt on input line 91.
LaTeX Font Info:    Font shape `U/msa/m/n' will be
(Font)              scaled to size 6.25204pt on input line 91.
LaTeX Font Info:    Font shape `U/msb/m/n' will be
(Font)              scaled to size 10.42007pt on input line 91.
LaTeX Font Info:    Font shape `U/msb/m/n' will be
(Font)              scaled to size 7.91925pt on input line 91.
LaTeX Font Info:    Font shape `U/msb/m/n' will be
(Font)              scaled to size 6.25204pt on input line 91.
Package color Info: Redefining color shadecolor on input line 138.
LaTeX Font Info:    Font shape `OT1/cmtt/bx/n' in size <10> not available
(Font)              Font shape `OT1/cmtt/m/n' tried instead on input line 140.

Overfull \hbox (46.4645pt too wide) in paragraph at lines 140--140
[]\OT1/cmtt/m/n/10 small <- []c[](0.42, 0.86, 0.88, 1.11, 1.34, 1.38, 1.42, 1.4
7, 1.63, 1.73, 2.17, 2.42, 2.48, 2.74,[] 
 []


Overfull \hbox (35.96458pt too wide) in paragraph at lines 141--141
[]    \OT1/cmtt/m/n/10 2.74, 2.79, 2.9, 3.12, 3.18, 3.27, 3.3, 3.61, 3.63, 4.13
, 4.4, 5, 5.2, 5.59, 7.04, 7.15,[] 
 []


Overfull \hbox (25.46468pt too wide) in paragraph at lines 142--142
[]    \OT1/cmtt/m/n/10 7.25, 7.75, 8, 8.84, 9.3, 9.68, 10.32, 10.41, 10.48, 11.
29, 12.3, 12.53, 12.69, 14.14,[] 
 []


Overfull \hbox (41.21454pt too wide) in paragraph at lines 145--145
[]\OT1/cmtt/m/n/10 large <- []c[](0.94, 1.26, 1.44, 1.49, 1.63, 1.8, 2, 2, 2.56
, 2.58, 3.24, 3.39, 3.53, 3.77, 4.36,[] 
 []


Overfull \hbox (25.46468pt too wide) in paragraph at lines 146--146
[]    \OT1/cmtt/m/n/10 4.41, 4.6, 4.67, 5.39, 6.25, 7.02, 7.89, 7.97, 8, 8.28, 
8.83, 8.91, 8.96, 9.92, 11.36,[] 
 []


Overfull \hbox (30.71463pt too wide) in paragraph at lines 147--147
[]    \OT1/cmtt/m/n/10 12.15, 14.4, 16, 18.61, 18.75, 19.05, 21, 21.41, 23.27, 
24.71, 25, 28.75, 30.23, 35.45,[] 
 []

<figure/unnamed-chunk-1.pdf, id=3, 505.89pt x 505.89pt>
File: figure/unnamed-chunk-1.pdf Graphic file (type pdf)

<use figure/unnamed-chunk-1.pdf>
Underfull \vbox (badness 2762) detected at line 162
 []

[1

{C:/Users/mike/AppData/Local/MiKTeX/2.8/pdftex/config/pdftex.map}]
Package color Info: Redefining color shadecolor on input line 166.

<figure/unnamed-chunk-21.pdf, id=15, 505.89pt x 505.89pt>
File: figure/unnamed-chunk-21.pdf Graphic file (type pdf)

<use figure/unnamed-chunk-21.pdf>
<figure/unnamed-chunk-22.pdf, id=16, 505.89pt x 505.89pt>
File: figure/unnamed-chunk-22.pdf Graphic file (type pdf)

<use figure/unnamed-chunk-22.pdf> [2 <C:/Users/mike/Courses/STAT 641b/STAT-641/
hw/05/figure/unnamed-chunk-1.pdf> <C:/Users/mike/Courses/STAT 641b/STAT-641/hw/
05/figure/unnamed-chunk-21.pdf> <C:/Users/mike/Courses/STAT 641b/STAT-641/hw/05
/figure/unnamed-chunk-22.pdf>]
Package color Info: Redefining color shadecolor on input line 203.
LaTeX Font Info:    Try loading font information for OMS+cmtt on input line 205
.

(C:/PROGRA~1/R/R-215~1.1/share/texmf/tex/latex\omscmtt.fd
File: omscmtt.fd 
)
LaTeX Font Info:    Font shape `OMS/cmtt/m/n' in size <10> not available
(Font)              Font shape `OMS/cmsy/m/n' tried instead on input line 205.
 [3]
LaTeX Font Info:    Font shape `OT1/pplx/m/sl' in size <10> not available
(Font)              Font shape `OT1/pplx/m/it' tried instead on input line 234.

Package color Info: Redefining color shadecolor on input line 237.

Overfull \hbox (4.46486pt too wide) in paragraph at lines 246--246
[]    \OT1/cmtt/m/n/10 upper <- []eval[]([]call[](d, right + 1.5 * IQR, shape =
 shape.param, lower.tail = FALSE))[] 
 []

Package color Info: Redefining color shadecolor on input line 263.
Package color Info: Redefining color shadecolor on input line 281.
Package color Info: Redefining color shadecolor on input line 299.
[4]
Package color Info: Redefining color shadecolor on input line 317.
Package color Info: Redefining color shadecolor on input line 364.

Overfull \hbox (16.21451pt too wide) in paragraph at lines 366--366
[]\OT1/cmtt/m/n/10 (theta.hat <- []as.numeric[]([]crossprod[]([]c[](0, 1, 2, 3,
 4, 5), []c[](121, 110, 38, 7, 3, 1))/(280 * 5)))[] 
 []

Package color Info: Redefining color shadecolor on input line 376.
[5]
Package color Info: Redefining color shadecolor on input line 428.

Overfull \hbox (35.96458pt too wide) in paragraph at lines 430--430
[]\OT1/cmtt/m/n/10 CPUE <- []c[](0.6, 0.7, 1.1, 1.3, 1.8, 2, 2.3, 2.7, 2.9, 3.1
, 3.9, 4.3, 4.4, 4.9, 5.2, 5.4, 6.1,[] 
 []


Overfull \hbox (41.21454pt too wide) in paragraph at lines 431--431
[]    \OT1/cmtt/m/n/10 6.8, 7.1, 8, 9.4, 10.3, 12.9, 15.9, 16, 22, 22.2, 22.5, 
23, 23.1, 23.9, 26.5, 26.7, 28.4,[] 
 []


Overfull \hbox (41.21454pt too wide) in paragraph at lines 432--432
[]    \OT1/cmtt/m/n/10 28.5, 32.2, 40.2, 42.5, 47.2, 48.3, 55.8, 57, 57.2, 64.9
, 67.6, 71.3, 79.5, 114.5, 128.6,[] 
 []

<figure/unnamed-chunk-111.pdf, id=53, 505.89pt x 505.89pt>
File: figure/unnamed-chunk-111.pdf Graphic file (type pdf)

<use figure/unnamed-chunk-111.pdf>
<figure/unnamed-chunk-112.pdf, id=54, 505.89pt x 505.89pt>
File: figure/unnamed-chunk-112.pdf Graphic file (type pdf)

<use figure/unnamed-chunk-112.pdf>
<figure/unnamed-chunk-113.pdf, id=55, 505.89pt x 505.89pt>
File: figure/unnamed-chunk-113.pdf Graphic file (type pdf)

<use figure/unnamed-chunk-113.pdf>
Underfull \vbox (badness 10000) detected at line 492
 []

[6]
Underfull \vbox (badness 10000) detected at line 492
 []


Underfull \vbox (badness 10000) detected at line 492
 []

[7 <C:/Users/mike/Courses/STAT 641b/STAT-641/hw/05/figure/unnamed-chunk-111.pdf
>] [8 <C:/Users/mike/Courses/STAT 641b/STAT-641/hw/05/figure/unnamed-chunk-112.
pdf> <C:/Users/mike/Courses/STAT 641b/STAT-641/hw/05/figure/unnamed-chunk-113.p
df>]
Package color Info: Redefining color shadecolor on input line 498.
 [9]
LaTeX Font Info:    Font shape `U/msa/m/n' will be
(Font)              scaled to size 9.37807pt on input line 553.
LaTeX Font Info:    Font shape `U/msa/m/n' will be
(Font)              scaled to size 7.29405pt on input line 553.
LaTeX Font Info:    Font shape `U/msa/m/n' will be
(Font)              scaled to size 5.21004pt on input line 553.
LaTeX Font Info:    Font shape `U/msb/m/n' will be
(Font)              scaled to size 9.37807pt on input line 553.
LaTeX Font Info:    Font shape `U/msb/m/n' will be
(Font)              scaled to size 7.29405pt on input line 553.
LaTeX Font Info:    Font shape `U/msb/m/n' will be
(Font)              scaled to size 5.21004pt on input line 553.
LaTeX Font Info:    Font shape `OT1/pplx/bx/n' in size <9> not available
(Font)              Font shape `OT1/pplx/b/n' tried instead on input line 553.
LaTeX Font Info:    Font shape `OT1/pplx/bx/n' in size <12> not available
(Font)              Font shape `OT1/pplx/b/n' tried instead on input line 553.
LaTeX Font Info:    Font shape `U/msa/m/n' will be
(Font)              scaled to size 12.50409pt on input line 554.
LaTeX Font Info:    Font shape `U/msb/m/n' will be
(Font)              scaled to size 12.50409pt on input line 554.
 [10] [11]
Package atveryend Info: Empty hook `BeforeClearDocument' on input line 659.
 [12]
Package atveryend Info: Empty hook `AfterLastShipout' on input line 659.
 ("C:\Users\mike\Courses\STAT 641b\STAT-641\hw\05\hw5.aux")
Package atveryend Info: Executing hook `AtVeryEndDocument' on input line 659.
Package rerunfilecheck Info: File `hw5.out' has not changed.
(rerunfilecheck)             Checksum: D41D8CD98F00B204E9800998ECF8427E;0.
 ) 
Here is how much of TeX's memory you used:
 7809 strings out of 495285
 110444 string characters out of 3179881
 191587 words of memory out of 3000000
 10827 multiletter control sequences out of 15000+200000
 35786 words of font info for 100 fonts, out of 3000000 for 9000
 14 hyphenation exceptions out of 8191
 32i,6n,35p,396b,438s stack positions out of 5000i,500n,10000p,200000b,50000s
{C:/Program Files (x86)/MikTeX 2.8/fonts/enc/dvips/fontname/8r.enc}<C:/Progra
m Files (x86)/MikTeX 2.8/fonts/type1/public/amsfonts/cm/cmmi10.pfb><C:/Program 
Files (x86)/MikTeX 2.8/fonts/type1/public/amsfonts/cm/cmr10.pfb><C:/Program Fil
es (x86)/MikTeX 2.8/fonts/type1/public/amsfonts/cm/cmsy10.pfb><C:/Program Files
 (x86)/MikTeX 2.8/fonts/type1/public/amsfonts/cm/cmtt10.pfb><C:/Program Files (
x86)/MikTeX 2.8/fonts/type1/public/amsfonts/cm/cmtt8.pfb><C:/Program Files (x86
)/MikTeX 2.8/fonts/type1/public/mathpazo/fplmri.pfb><C:/Program Files (x86)/Mik
TeX 2.8/fonts/type1/urw/palatino/uplb8a.pfb><C:/Program Files (x86)/MikTeX 2.8/
fonts/type1/urw/palatino/uplr8a.pfb><C:/Program Files (x86)/MikTeX 2.8/fonts/ty
pe1/urw/palatino/uplri8a.pfb>
Output written on hw5.pdf (12 pages, 248034 bytes).
PDF statistics:
 138 PDF objects out of 1000 (max. 8388607)
 13 named destinations out of 1000 (max. 500000)
 31 words of extra memory for PDF output out of 10000 (max. 10000000)

